<?xml version="1.0" encoding="UTF-8"?>
<!-- Generated by org.testng.reporters.JUnitXMLReporter -->
<testsuite ignored="5" hostname="LAPTOP-8BDQGNTS" failures="0" tests="2" name="Create Portfolio Test" time="51.65" errors="0" timestamp="2024-07-01T20:47:58 SGT">
  <testcase classname="rediff.testcases.Session" name="doLogin" time="28.32"/>
  <testcase classname="rediff.testcases.PortfolioManagement" name="createPortfolio" time="20.913"/>
  <testcase classname="TestBase.basetest" name="@AfterTest quit" time="0.0">
    <ignored/>
  </testcase> <!-- @AfterTest quit -->
  <testcase classname="rediff.testcases.PortfolioManagement" name="selectPortFolio" time="0.0">
    <ignored/>
  </testcase> <!-- selectPortFolio -->
  <testcase classname="rediff.testcases.Session" name="doLogOut" time="0.0">
    <ignored/>
  </testcase> <!-- doLogOut -->
  <testcase classname="rediff.testcases.PortfolioManagement" name="deletePortfolio" time="0.0">
    <ignored/>
  </testcase> <!-- deletePortfolio -->
  <testcase classname="TestBase.basetest" name="@BeforeTest beforetest" time="0.0">
    <ignored/>
  </testcase> <!-- @BeforeTest beforetest -->
</testsuite> <!-- Create Portfolio Test -->
