<?xml version="1.0" encoding="UTF-8"?>
<!-- Generated by org.testng.reporters.JUnitXMLReporter -->
<testsuite ignored="5" hostname="LAPTOP-8BDQGNTS" failures="0" tests="2" name="Delete Portfolio Test" time="61.972" errors="0" timestamp="2024-07-01T20:49:00 SGT">
  <testcase classname="rediff.testcases.Session" name="doLogin" time="27.444"/>
  <testcase classname="rediff.testcases.PortfolioManagement" name="deletePortfolio" time="34.109"/>
  <testcase classname="TestBase.basetest" name="@AfterTest quit" time="0.0">
    <ignored/>
  </testcase> <!-- @AfterTest quit -->
  <testcase classname="rediff.testcases.PortfolioManagement" name="selectPortFolio" time="0.0">
    <ignored/>
  </testcase> <!-- selectPortFolio -->
  <testcase classname="rediff.testcases.Session" name="doLogOut" time="0.0">
    <ignored/>
  </testcase> <!-- doLogOut -->
  <testcase classname="rediff.testcases.PortfolioManagement" name="createPortfolio" time="0.0">
    <ignored/>
  </testcase> <!-- createPortfolio -->
  <testcase classname="TestBase.basetest" name="@BeforeTest beforetest" time="0.0">
    <ignored/>
  </testcase> <!-- @BeforeTest beforetest -->
</testsuite> <!-- Delete Portfolio Test -->
