<?xml version="1.0" encoding="UTF-8"?>
<!-- Generated by org.testng.reporters.JUnitXMLReporter -->
<testsuite ignored="8" hostname="LAPTOP-8BDQGNTS" failures="0" tests="6" name="Add New Stock Test" time="80.672" errors="0" timestamp="2024-06-09T16:45:10 SGT">
  <testcase classname="rediff.testcases.Session" name="doLogin" time="28.223"/>
  <testcase classname="rediff.testcases.PortfolioManagement" name="selectPortFolio" time="21.111"/>
  <testcase classname="rediff.testcases.StockManagement" name="addStock" time="27.619"/>
  <testcase classname="rediff.testcases.StockManagement" name="VerifyStockPresent" time="0.125"/>
  <testcase classname="rediff.testcases.StockManagement" name="VerifyStockQuantity" time="0.172"/>
  <testcase classname="rediff.testcases.StockManagement" name="verifyTransactionHistory" time="0.772"/>
  <testcase classname="TestBase.basetest" name="@AfterTest quit" time="0.0">
    <ignored/>
  </testcase> <!-- @AfterTest quit -->
  <testcase classname="TestBase.basetest" name="@AfterTest quit" time="0.0">
    <ignored/>
  </testcase> <!-- @AfterTest quit -->
  <testcase classname="rediff.testcases.Session" name="doLogOut" time="0.0">
    <ignored/>
  </testcase> <!-- doLogOut -->
  <testcase classname="rediff.testcases.PortfolioManagement" name="createPortfolio" time="0.0">
    <ignored/>
  </testcase> <!-- createPortfolio -->
  <testcase classname="rediff.testcases.PortfolioManagement" name="deletePortfolio" time="0.0">
    <ignored/>
  </testcase> <!-- deletePortfolio -->
  <testcase classname="TestBase.basetest" name="@BeforeTest beforetest" time="0.0">
    <ignored/>
  </testcase> <!-- @BeforeTest beforetest -->
  <testcase classname="TestBase.basetest" name="@BeforeTest beforetest" time="0.0">
    <ignored/>
  </testcase> <!-- @BeforeTest beforetest -->
  <testcase classname="rediff.testcases.StockManagement" name="modifyStock" time="0.0">
    <ignored/>
  </testcase> <!-- modifyStock -->
</testsuite> <!-- Add New Stock Test -->
