<?xml version="1.0" encoding="UTF-8"?>
<!-- Generated by org.testng.reporters.JUnitXMLReporter -->
<testsuite ignored="8" hostname="LAPTOP-8BDQGNTS" failures="0" tests="6" name="Modify Stock Test-Buy Stock" time="71.462" errors="0" timestamp="2024-06-09T16:56:19 SGT">
  <testcase classname="rediff.testcases.Session" name="doLogin" time="27.843"/>
  <testcase classname="rediff.testcases.PortfolioManagement" name="selectPortFolio" time="20.95"/>
  <testcase classname="rediff.testcases.StockManagement" name="VerifyStockPresent" time="0.108"/>
  <testcase classname="rediff.testcases.StockManagement" name="modifyStock" time="21.233"/>
  <testcase classname="rediff.testcases.StockManagement" name="VerifyStockQuantity" time="0.125"/>
  <testcase classname="rediff.testcases.StockManagement" name="verifyTransactionHistory" time="0.703"/>
  <testcase classname="TestBase.basetest" name="@AfterTest quit" time="0.0">
    <ignored/>
  </testcase> <!-- @AfterTest quit -->
  <testcase classname="TestBase.basetest" name="@AfterTest quit" time="0.0">
    <ignored/>
  </testcase> <!-- @AfterTest quit -->
  <testcase classname="rediff.testcases.Session" name="doLogOut" time="0.0">
    <ignored/>
  </testcase> <!-- doLogOut -->
  <testcase classname="rediff.testcases.StockManagement" name="addStock" time="0.0">
    <ignored/>
  </testcase> <!-- addStock -->
  <testcase classname="rediff.testcases.PortfolioManagement" name="createPortfolio" time="0.0">
    <ignored/>
  </testcase> <!-- createPortfolio -->
  <testcase classname="rediff.testcases.PortfolioManagement" name="deletePortfolio" time="0.0">
    <ignored/>
  </testcase> <!-- deletePortfolio -->
  <testcase classname="TestBase.basetest" name="@BeforeTest beforetest" time="0.0">
    <ignored/>
  </testcase> <!-- @BeforeTest beforetest -->
  <testcase classname="TestBase.basetest" name="@BeforeTest beforetest" time="0.0">
    <ignored/>
  </testcase> <!-- @BeforeTest beforetest -->
</testsuite> <!-- Modify Stock Test-Buy Stock -->
