<?xml version="1.0" encoding="UTF-8"?>
<testng-results ignored="10" total="14" passed="4" failed="0" skipped="0">
  <reporter-output>
  </reporter-output>
  <suite started-at="2024-07-01T20:47:07 SGT" name="Portfolio Suite" finished-at="2024-07-01T20:49:00 SGT" duration-ms="113653">
    <groups>
    </groups>
    <test started-at="2024-07-01T20:47:07 SGT" name="Create Portfolio Test" finished-at="2024-07-01T20:47:58 SGT" duration-ms="51650">
      <class name="rediff.testcases.Session">
        <test-method is-config="true" signature="beforetest(org.testng.ITestContext)[pri:0, instance:rediff.testcases.Session@55a147cc]" started-at="2024-07-01T20:47:07 SGT" name="beforetest" finished-at="2024-07-01T20:47:07 SGT" duration-ms="323" status="PASS">
          <params>
            <param index="0">
              <value>
                <![CDATA[org.testng.TestRunner@44040454]]>
              </value>
            </param>
          </params>
          <reporter-output>
          </reporter-output>
        </test-method> <!-- beforetest -->
        <test-method is-config="true" signature="beforeMethod(org.testng.ITestContext,java.lang.String)[pri:0, instance:rediff.testcases.Session@55a147cc]" started-at="2024-07-01T20:47:07 SGT" name="beforeMethod" finished-at="2024-07-01T20:47:07 SGT" duration-ms="1" status="PASS">
          <params>
            <param index="0">
              <value>
                <![CDATA[org.testng.TestRunner@44040454]]>
              </value>
            </param>
            <param index="1">
              <value>
                <![CDATA[createPortfolio]]>
              </value>
            </param>
          </params>
          <reporter-output>
          </reporter-output>
        </test-method> <!-- beforeMethod -->
        <test-method signature="doLogin(org.testng.ITestContext)[pri:0, instance:rediff.testcases.Session@55a147cc]" started-at="2024-07-01T20:47:07 SGT" name="doLogin" finished-at="2024-07-01T20:47:35 SGT" duration-ms="28320" status="PASS">
          <params>
            <param index="0">
              <value>
                <![CDATA[org.testng.TestRunner@44040454]]>
              </value>
            </param>
          </params>
          <reporter-output>
          </reporter-output>
        </test-method> <!-- doLogin -->
        <test-method is-config="true" signature="quit(org.testng.ITestContext)[pri:0, instance:rediff.testcases.Session@55a147cc]" started-at="2024-07-01T20:47:57 SGT" name="quit" finished-at="2024-07-01T20:47:58 SGT" duration-ms="1085" status="PASS">
          <params>
            <param index="0">
              <value>
                <![CDATA[org.testng.TestRunner@44040454]]>
              </value>
            </param>
          </params>
          <reporter-output>
          </reporter-output>
        </test-method> <!-- quit -->
      </class> <!-- rediff.testcases.Session -->
      <class name="rediff.testcases.PortfolioManagement">
        <test-method is-config="true" signature="beforeMethod(org.testng.ITestContext,java.lang.String)[pri:0, instance:rediff.testcases.PortfolioManagement@5ab956d7]" started-at="2024-07-01T20:47:36 SGT" name="beforeMethod" finished-at="2024-07-01T20:47:36 SGT" duration-ms="0" status="PASS">
          <params>
            <param index="0">
              <value>
                <![CDATA[org.testng.TestRunner@44040454]]>
              </value>
            </param>
            <param index="1">
              <value>
                <![CDATA[createPortfolio]]>
              </value>
            </param>
          </params>
          <reporter-output>
          </reporter-output>
        </test-method> <!-- beforeMethod -->
        <test-method signature="createPortfolio(org.testng.ITestContext,java.lang.String)[pri:0, instance:rediff.testcases.PortfolioManagement@5ab956d7]" started-at="2024-07-01T20:47:36 SGT" name="createPortfolio" data-provider="excelData" finished-at="2024-07-01T20:47:57 SGT" duration-ms="20913" status="PASS">
          <params>
            <param index="0">
              <value>
                <![CDATA[org.testng.TestRunner@44040454]]>
              </value>
            </param>
            <param index="1">
              <value>
                <![CDATA[test2]]>
              </value>
            </param>
          </params>
          <reporter-output>
          </reporter-output>
        </test-method> <!-- createPortfolio -->
      </class> <!-- rediff.testcases.PortfolioManagement -->
    </test> <!-- Create Portfolio Test -->
    <test started-at="2024-07-01T20:47:58 SGT" name="Delete Portfolio Test" finished-at="2024-07-01T20:49:00 SGT" duration-ms="61972">
      <class name="rediff.testcases.Session">
        <test-method is-config="true" signature="beforetest(org.testng.ITestContext)[pri:0, instance:rediff.testcases.Session@75437611]" started-at="2024-07-01T20:47:58 SGT" name="beforetest" finished-at="2024-07-01T20:47:58 SGT" duration-ms="10" status="PASS">
          <params>
            <param index="0">
              <value>
                <![CDATA[org.testng.TestRunner@765d55d5]]>
              </value>
            </param>
          </params>
          <reporter-output>
          </reporter-output>
        </test-method> <!-- beforetest -->
        <test-method is-config="true" signature="beforeMethod(org.testng.ITestContext,java.lang.String)[pri:0, instance:rediff.testcases.Session@75437611]" started-at="2024-07-01T20:47:58 SGT" name="beforeMethod" finished-at="2024-07-01T20:47:58 SGT" duration-ms="0" status="PASS">
          <params>
            <param index="0">
              <value>
                <![CDATA[org.testng.TestRunner@765d55d5]]>
              </value>
            </param>
            <param index="1">
              <value>
                <![CDATA[deletePortfolio]]>
              </value>
            </param>
          </params>
          <reporter-output>
          </reporter-output>
        </test-method> <!-- beforeMethod -->
        <test-method signature="doLogin(org.testng.ITestContext)[pri:0, instance:rediff.testcases.Session@75437611]" started-at="2024-07-01T20:47:58 SGT" name="doLogin" finished-at="2024-07-01T20:48:26 SGT" duration-ms="27444" status="PASS">
          <params>
            <param index="0">
              <value>
                <![CDATA[org.testng.TestRunner@765d55d5]]>
              </value>
            </param>
          </params>
          <reporter-output>
          </reporter-output>
        </test-method> <!-- doLogin -->
        <test-method is-config="true" signature="quit(org.testng.ITestContext)[pri:0, instance:rediff.testcases.Session@75437611]" started-at="2024-07-01T20:49:00 SGT" name="quit" finished-at="2024-07-01T20:49:00 SGT" duration-ms="378" status="PASS">
          <params>
            <param index="0">
              <value>
                <![CDATA[org.testng.TestRunner@765d55d5]]>
              </value>
            </param>
          </params>
          <reporter-output>
          </reporter-output>
        </test-method> <!-- quit -->
      </class> <!-- rediff.testcases.Session -->
      <class name="rediff.testcases.PortfolioManagement">
        <test-method signature="deletePortfolio(java.lang.String)[pri:0, instance:rediff.testcases.PortfolioManagement@17f9d882]" started-at="2024-07-01T20:48:26 SGT" name="deletePortfolio" data-provider="excelData" finished-at="2024-07-01T20:49:00 SGT" duration-ms="34109" status="PASS">
          <params>
            <param index="0">
              <value>
                <![CDATA[test2]]>
              </value>
            </param>
          </params>
          <reporter-output>
          </reporter-output>
        </test-method> <!-- deletePortfolio -->
        <test-method is-config="true" signature="beforeMethod(org.testng.ITestContext,java.lang.String)[pri:0, instance:rediff.testcases.PortfolioManagement@17f9d882]" started-at="2024-07-01T20:48:26 SGT" name="beforeMethod" finished-at="2024-07-01T20:48:26 SGT" duration-ms="0" status="PASS">
          <params>
            <param index="0">
              <value>
                <![CDATA[org.testng.TestRunner@765d55d5]]>
              </value>
            </param>
            <param index="1">
              <value>
                <![CDATA[deletePortfolio]]>
              </value>
            </param>
          </params>
          <reporter-output>
          </reporter-output>
        </test-method> <!-- beforeMethod -->
      </class> <!-- rediff.testcases.PortfolioManagement -->
    </test> <!-- Delete Portfolio Test -->
  </suite> <!-- Portfolio Suite -->
</testng-results>
